<?xml version="1.0" encoding="utf-8"?>
<CoverageSession xmlns:xsd="http://www.w3.org/2001/XMLSchema" xmlns:xsi="http://www.w3.org/2001/XMLSchema-instance">
  <Summary numSequencePoints="221" visitedSequencePoints="25" numBranchPoints="73" visitedBranchPoints="7" sequenceCoverage="11.31" branchCoverage="9.59" maxCyclomaticComplexity="15" minCyclomaticComplexity="1" />
  <Modules>
    <Module skippedDueTo="Filter" hash="19-A7-6E-09-56-92-7B-53-8D-DF-A8-1D-B0-92-BB-59-0C-61-4F-3C">
      <FullName>C:\WINDOWS\Microsoft.Net\assembly\GAC_32\mscorlib\v4.0_4.0.0.0__b77a5c561934e089\mscorlib.dll</FullName>
      <ModuleName>mscorlib</ModuleName>
      <Classes />
    </Module>
    <Module skippedDueTo="MissingPdb" hash="37-80-BE-DC-A8-79-2C-78-4A-75-9F-D4-19-B1-3A-5A-48-3E-CA-03">
      <FullName>C:\Program Files (x86)\SharpDevelop\5.1\bin\Tools\NUnit\nunit-console-x86.exe</FullName>
      <ModuleName>nunit-console</ModuleName>
      <Classes />
    </Module>
    <Module skippedDueTo="MissingPdb" hash="33-E1-CA-24-52-5A-B7-C7-C4-AF-91-2C-A9-4A-C0-37-67-0D-5B-FE">
      <FullName>C:\Program Files (x86)\SharpDevelop\5.1\bin\Tools\NUnit\lib\nunit.core.dll</FullName>
      <ModuleName>nunit.core</ModuleName>
      <Classes />
    </Module>
    <Module skippedDueTo="MissingPdb" hash="2A-C4-E5-DE-F3-EE-AD-84-E1-65-84-CC-15-90-76-96-E7-01-44-4E">
      <FullName>C:\Program Files (x86)\SharpDevelop\5.1\bin\Tools\NUnit\lib\nunit-console-runner.dll</FullName>
      <ModuleName>nunit-console-runner</ModuleName>
      <Classes />
    </Module>
    <Module skippedDueTo="MissingPdb" hash="74-74-F6-87-59-E1-5F-4F-5F-5E-6E-82-50-E8-E2-46-D4-86-15-76">
      <FullName>C:\Program Files (x86)\SharpDevelop\5.1\bin\Tools\NUnit\lib\nunit.util.dll</FullName>
      <ModuleName>nunit.util</ModuleName>
      <Classes />
    </Module>
    <Module skippedDueTo="MissingPdb" hash="D3-A4-4D-85-55-F7-CE-EF-A5-90-AA-EF-58-E0-9F-B6-CC-27-99-53">
      <FullName>C:\Program Files (x86)\SharpDevelop\5.1\bin\Tools\NUnit\lib\nunit.core.interfaces.dll</FullName>
      <ModuleName>nunit.core.interfaces</ModuleName>
      <Classes />
    </Module>
    <Module skippedDueTo="Filter" hash="DF-C9-61-37-67-FC-86-B5-19-6B-51-39-78-82-42-F2-94-44-FD-2F">
      <FullName>C:\WINDOWS\Microsoft.Net\assembly\GAC_MSIL\System.Configuration\v4.0_4.0.0.0__b03f5f7f11d50a3a\System.Configuration.dll</FullName>
      <ModuleName>System.Configuration</ModuleName>
      <Classes />
    </Module>
    <Module skippedDueTo="Filter" hash="4A-9D-81-85-DC-CF-74-ED-91-AC-6F-7B-37-3D-3E-0B-36-5C-56-66">
      <FullName>C:\WINDOWS\Microsoft.Net\assembly\GAC_MSIL\System\v4.0_4.0.0.0__b77a5c561934e089\System.dll</FullName>
      <ModuleName>System</ModuleName>
      <Classes />
    </Module>
    <Module skippedDueTo="Filter" hash="BA-94-4B-50-1E-D5-31-87-F3-25-6E-BA-07-71-E4-9F-22-0D-B8-34">
      <FullName>C:\WINDOWS\Microsoft.Net\assembly\GAC_MSIL\System.Xml\v4.0_4.0.0.0__b77a5c561934e089\System.Xml.dll</FullName>
      <ModuleName>System.Xml</ModuleName>
      <Classes />
    </Module>
    <Module skippedDueTo="Filter" hash="A7-7B-4E-D4-75-E8-13-EA-81-E3-7A-CE-3B-E3-5B-7B-B9-B9-D8-B3">
      <FullName>C:\WINDOWS\Microsoft.Net\assembly\GAC_MSIL\System.Runtime.Remoting\v4.0_4.0.0.0__b77a5c561934e089\System.Runtime.Remoting.dll</FullName>
      <ModuleName>System.Runtime.Remoting</ModuleName>
      <Classes />
    </Module>
    <Module skippedDueTo="Filter" hash="CC-DB-8A-78-1D-14-03-CA-9E-57-77-AD-02-B0-11-1E-9D-D0-F8-EB">
      <FullName>C:\WINDOWS\Microsoft.Net\assembly\GAC_MSIL\System.Core\v4.0_4.0.0.0__b77a5c561934e089\System.Core.dll</FullName>
      <ModuleName>System.Core</ModuleName>
      <Classes />
    </Module>
    <Module skippedDueTo="Filter" hash="81-7E-13-B4-BE-37-BE-8C-20-D0-0C-79-D4-1F-35-E0-4F-ED-0F-82">
      <FullName>C:\WINDOWS\Microsoft.Net\assembly\GAC_MSIL\mscorlib.resources\v4.0_4.0.0.0_ru_b77a5c561934e089\mscorlib.resources.dll</FullName>
      <ModuleName>mscorlib.resources</ModuleName>
      <Classes />
    </Module>
    <Module hash="8C-91-15-C6-3C-71-EC-45-99-57-54-97-F3-FB-1A-B2-56-76-79-33">
      <Summary numSequencePoints="10" visitedSequencePoints="4" numBranchPoints="2" visitedBranchPoints="1" sequenceCoverage="40" branchCoverage="50" maxCyclomaticComplexity="1" minCyclomaticComplexity="1" />
      <FullName>C:\Users\victor\AppData\Local\Temp\nunit20\ShadowCopyCache\12292_637363063008938767\Tests_34733062\assembly\dl3\1a00a7d9\05ba26c1_1290d601\Tests.dll</FullName>
      <ModuleName>Tests</ModuleName>
      <Files>
        <File uid="1" fullPath="e:\витя\Calculator\Tests\Program.cs" />
        <File uid="2" fullPath="e:\витя\Calculator\Tests\RegularLineClassTest.cs" />
      </Files>
      <Classes>
        <Class>
          <Summary numSequencePoints="0" visitedSequencePoints="0" numBranchPoints="0" visitedBranchPoints="0" sequenceCoverage="0" branchCoverage="0" maxCyclomaticComplexity="0" minCyclomaticComplexity="0" />
          <FullName>&lt;Module&gt;</FullName>
          <Methods />
        </Class>
        <Class>
          <Summary numSequencePoints="5" visitedSequencePoints="0" numBranchPoints="1" visitedBranchPoints="0" sequenceCoverage="0" branchCoverage="0" maxCyclomaticComplexity="1" minCyclomaticComplexity="1" />
          <FullName>Tests.Program</FullName>
          <Methods>
            <Method visited="false" cyclomaticComplexity="1" sequenceCoverage="0" branchCoverage="0" isConstructor="false" isStatic="true" isGetter="false" isSetter="false">
              <Summary numSequencePoints="5" visitedSequencePoints="0" numBranchPoints="1" visitedBranchPoints="0" sequenceCoverage="0" branchCoverage="0" maxCyclomaticComplexity="1" minCyclomaticComplexity="1" />
              <MetadataToken>100663297</MetadataToken>
              <Name>System.Void Tests.Program::Main(System.String[])</Name>
              <FileRef uid="1" />
              <SequencePoints>
                <SequencePoint vc="0" uspid="1" ordinal="0" offset="0" sl="16" sc="3" el="16" ec="4" bec="0" bev="0" fileid="1" />
                <SequencePoint vc="0" uspid="2" ordinal="1" offset="1" sl="17" sc="4" el="17" ec="38" bec="0" bev="0" fileid="1" />
                <SequencePoint vc="0" uspid="3" ordinal="2" offset="12" sl="21" sc="4" el="21" ec="54" bec="0" bev="0" fileid="1" />
                <SequencePoint vc="0" uspid="4" ordinal="3" offset="23" sl="22" sc="4" el="22" ec="26" bec="0" bev="0" fileid="1" />
                <SequencePoint vc="0" uspid="5" ordinal="4" offset="30" sl="23" sc="3" el="23" ec="4" bec="0" bev="0" fileid="1" />
              </SequencePoints>
              <BranchPoints />
              <MethodPoint xsi:type="SequencePoint" vc="0" uspid="1" ordinal="0" offset="0" sl="16" sc="3" el="16" ec="4" bec="0" bev="0" fileid="1" />
            </Method>
            <Method visited="false" cyclomaticComplexity="1" sequenceCoverage="0" branchCoverage="0" isConstructor="true" isStatic="false" isGetter="false" isSetter="false">
              <Summary numSequencePoints="0" visitedSequencePoints="0" numBranchPoints="0" visitedBranchPoints="0" sequenceCoverage="0" branchCoverage="0" maxCyclomaticComplexity="1" minCyclomaticComplexity="1" />
              <MetadataToken>100663298</MetadataToken>
              <Name>System.Void Tests.Program::.ctor()</Name>
              <SequencePoints />
              <BranchPoints />
              <MethodPoint vc="0" uspid="6" ordinal="0" offset="0" />
            </Method>
          </Methods>
        </Class>
        <Class>
          <Summary numSequencePoints="5" visitedSequencePoints="4" numBranchPoints="1" visitedBranchPoints="1" sequenceCoverage="80" branchCoverage="100" maxCyclomaticComplexity="1" minCyclomaticComplexity="1" />
          <FullName>Tests.RegularLineClassTest</FullName>
          <Methods>
            <Method visited="true" cyclomaticComplexity="1" sequenceCoverage="80" branchCoverage="100" isConstructor="false" isStatic="false" isGetter="false" isSetter="false">
              <Summary numSequencePoints="5" visitedSequencePoints="4" numBranchPoints="1" visitedBranchPoints="1" sequenceCoverage="80" branchCoverage="100" maxCyclomaticComplexity="1" minCyclomaticComplexity="1" />
              <MetadataToken>100663299</MetadataToken>
              <Name>System.Void Tests.RegularLineClassTest::TestRegularize()</Name>
              <FileRef uid="2" />
              <SequencePoints>
                <SequencePoint vc="1" uspid="7" ordinal="0" offset="0" sl="20" sc="3" el="20" ec="4" bec="0" bev="0" fileid="2" />
                <SequencePoint vc="1" uspid="8" ordinal="1" offset="1" sl="21" sc="4" el="21" ec="57" bec="0" bev="0" fileid="2" />
                <SequencePoint vc="1" uspid="9" ordinal="2" offset="12" sl="23" sc="4" el="23" ec="46" bec="0" bev="0" fileid="2" />
                <SequencePoint vc="1" uspid="10" ordinal="3" offset="19" sl="25" sc="4" el="25" ec="42" bec="0" bev="0" fileid="2" />
                <SequencePoint vc="0" uspid="11" ordinal="4" offset="31" sl="26" sc="3" el="26" ec="4" bec="0" bev="0" fileid="2" />
              </SequencePoints>
              <BranchPoints />
              <MethodPoint xsi:type="SequencePoint" vc="1" uspid="7" ordinal="0" offset="0" sl="20" sc="3" el="20" ec="4" bec="0" bev="0" fileid="2" />
            </Method>
            <Method visited="true" cyclomaticComplexity="1" sequenceCoverage="0" branchCoverage="0" isConstructor="true" isStatic="false" isGetter="false" isSetter="false">
              <Summary numSequencePoints="0" visitedSequencePoints="0" numBranchPoints="0" visitedBranchPoints="0" sequenceCoverage="0" branchCoverage="0" maxCyclomaticComplexity="1" minCyclomaticComplexity="1" />
              <MetadataToken>100663300</MetadataToken>
              <Name>System.Void Tests.RegularLineClassTest::.ctor()</Name>
              <SequencePoints />
              <BranchPoints />
              <MethodPoint vc="1" uspid="12" ordinal="0" offset="0" />
            </Method>
          </Methods>
        </Class>
      </Classes>
    </Module>
    <Module skippedDueTo="MissingPdb" hash="42-83-FE-A6-9F-01-8E-2C-E8-41-E9-25-3E-1E-0D-99-81-76-6B-C9">
      <FullName>C:\Users\victor\AppData\Local\Temp\nunit20\ShadowCopyCache\12292_637363063008938767\Tests_34733062\assembly\dl3\e1748a80\0097634d_c33fd101\nunit.framework.dll</FullName>
      <ModuleName>nunit.framework</ModuleName>
      <Classes />
    </Module>
    <Module hash="14-D9-C9-97-DB-99-A0-48-C7-8E-62-AC-2D-18-85-37-B9-27-B8-F7">
      <Summary numSequencePoints="211" visitedSequencePoints="21" numBranchPoints="71" visitedBranchPoints="6" sequenceCoverage="9.95" branchCoverage="8.45" maxCyclomaticComplexity="15" minCyclomaticComplexity="1" />
      <FullName>C:\Users\victor\AppData\Local\Temp\nunit20\ShadowCopyCache\12292_637363063008938767\Tests_34733062\assembly\dl3\32a319e0\837294c0_1290d601\Calculator.exe</FullName>
      <ModuleName>Calculator</ModuleName>
      <Files>
        <File uid="5" fullPath="e:\витя\Calculator\Calculator\CalculationClass.cs" />
        <File uid="7" fullPath="e:\витя\Calculator\Calculator\Operation.cs" />
        <File uid="13" fullPath="e:\витя\Calculator\Calculator\OperationsKit.cs" />
        <File uid="14" fullPath="e:\витя\Calculator\Calculator\ParserClass.cs" />
        <File uid="16" fullPath="e:\витя\Calculator\Calculator\Program.cs" />
        <File uid="17" fullPath="e:\витя\Calculator\Calculator\RegularLineClass.cs" />
      </Files>
      <Classes>
        <Class>
          <Summary numSequencePoints="0" visitedSequencePoints="0" numBranchPoints="0" visitedBranchPoints="0" sequenceCoverage="0" branchCoverage="0" maxCyclomaticComplexity="0" minCyclomaticComplexity="0" />
          <FullName>&lt;Module&gt;</FullName>
          <Methods />
        </Class>
        <Class>
          <Summary numSequencePoints="25" visitedSequencePoints="0" numBranchPoints="7" visitedBranchPoints="0" sequenceCoverage="0" branchCoverage="0" maxCyclomaticComplexity="3" minCyclomaticComplexity="1" />
          <FullName>Calculator.CalculationClass</FullName>
          <Methods>
            <Method visited="false" cyclomaticComplexity="3" sequenceCoverage="0" branchCoverage="0" isConstructor="false" isStatic="false" isGetter="false" isSetter="false">
              <Summary numSequencePoints="18" visitedSequencePoints="0" numBranchPoints="5" visitedBranchPoints="0" sequenceCoverage="0" branchCoverage="0" maxCyclomaticComplexity="3" minCyclomaticComplexity="3" />
              <MetadataToken>100663297</MetadataToken>
              <Name>System.String Calculator.CalculationClass::Caculate(System.Collections.Generic.List`1&lt;System.String&gt;)</Name>
              <FileRef uid="5" />
              <SequencePoints>
                <SequencePoint vc="0" uspid="13" ordinal="0" offset="0" sl="27" sc="44" el="27" ec="45" bec="0" bev="0" fileid="5" />
                <SequencePoint vc="0" uspid="14" ordinal="1" offset="1" sl="28" sc="4" el="28" ec="11" bec="0" bev="0" fileid="5" />
                <SequencePoint vc="0" uspid="15" ordinal="2" offset="2" sl="28" sc="27" el="28" ec="30" bec="0" bev="0" fileid="5" />
                <SequencePoint vc="0" uspid="16" ordinal="3" offset="12" sl="28" sc="12" el="28" ec="23" bec="0" bev="0" fileid="5" />
                <SequencePoint vc="0" uspid="17" ordinal="4" offset="20" sl="28" sc="32" el="28" ec="33" bec="0" bev="0" fileid="5" />
                <SequencePoint vc="0" uspid="18" ordinal="5" offset="21" sl="29" sc="5" el="29" ec="37" bec="2" bev="0" fileid="5" />
                <SequencePoint vc="0" uspid="19" ordinal="6" offset="47" sl="30" sc="6" el="30" ec="28" bec="0" bev="0" fileid="5" />
                <SequencePoint vc="0" uspid="20" ordinal="7" offset="62" sl="32" sc="9" el="32" ec="10" bec="0" bev="0" fileid="5" />
                <SequencePoint vc="0" uspid="21" ordinal="8" offset="63" sl="33" sc="6" el="33" ec="39" bec="0" bev="0" fileid="5" />
                <SequencePoint vc="0" uspid="22" ordinal="9" offset="71" sl="34" sc="6" el="34" ec="53" bec="0" bev="0" fileid="5" />
                <SequencePoint vc="0" uspid="23" ordinal="10" offset="88" sl="35" sc="6" el="35" ec="53" bec="0" bev="0" fileid="5" />
                <SequencePoint vc="0" uspid="24" ordinal="11" offset="105" sl="36" sc="6" el="36" ec="41" bec="0" bev="0" fileid="5" />
                <SequencePoint vc="0" uspid="25" ordinal="12" offset="115" sl="38" sc="6" el="38" ec="38" bec="0" bev="0" fileid="5" />
                <SequencePoint vc="0" uspid="26" ordinal="13" offset="134" sl="40" sc="5" el="40" ec="6" bec="0" bev="0" fileid="5" />
                <SequencePoint vc="0" uspid="27" ordinal="14" offset="135" sl="41" sc="4" el="41" ec="5" bec="0" bev="0" fileid="5" />
                <SequencePoint vc="0" uspid="28" ordinal="15" offset="136" sl="28" sc="24" el="28" ec="26" bec="2" bev="0" fileid="5" />
                <SequencePoint vc="0" uspid="29" ordinal="16" offset="170" sl="43" sc="4" el="43" ec="27" bec="0" bev="0" fileid="5" />
                <SequencePoint vc="0" uspid="30" ordinal="17" offset="185" sl="45" sc="3" el="45" ec="4" bec="0" bev="0" fileid="5" />
              </SequencePoints>
              <BranchPoints>
                <BranchPoint vc="0" uspid="31" ordinal="0" offset="45" path="0" offsetchain="" offsetend="47" />
                <BranchPoint vc="0" uspid="32" ordinal="1" offset="45" path="1" offsetchain="" offsetend="62" />
                <BranchPoint vc="0" uspid="33" ordinal="2" offset="147" path="0" offsetchain="" offsetend="152" />
                <BranchPoint vc="0" uspid="34" ordinal="3" offset="147" path="1" offsetchain="" offsetend="12" />
              </BranchPoints>
              <MethodPoint xsi:type="SequencePoint" vc="0" uspid="13" ordinal="0" offset="0" sl="27" sc="44" el="27" ec="45" bec="0" bev="0" fileid="5" />
            </Method>
            <Method visited="false" cyclomaticComplexity="1" sequenceCoverage="0" branchCoverage="0" isConstructor="false" isStatic="false" isGetter="false" isSetter="false">
              <Summary numSequencePoints="4" visitedSequencePoints="0" numBranchPoints="1" visitedBranchPoints="0" sequenceCoverage="0" branchCoverage="0" maxCyclomaticComplexity="1" minCyclomaticComplexity="1" />
              <MetadataToken>100663298</MetadataToken>
              <Name>Calculator.Operation_ Calculator.CalculationClass::GetOper(System.String)</Name>
              <FileRef uid="5" />
              <SequencePoints>
                <SequencePoint vc="0" uspid="35" ordinal="0" offset="13" sl="47" sc="36" el="47" ec="37" bec="0" bev="0" fileid="5" />
                <SequencePoint vc="0" uspid="36" ordinal="1" offset="14" sl="48" sc="5" el="50" ec="16" bec="0" bev="0" fileid="5" />
                <SequencePoint vc="0" uspid="37" ordinal="2" offset="48" sl="52" sc="6" el="52" ec="36" bec="0" bev="0" fileid="5" />
                <SequencePoint vc="0" uspid="38" ordinal="3" offset="62" sl="54" sc="3" el="54" ec="4" bec="0" bev="0" fileid="5" />
              </SequencePoints>
              <BranchPoints />
              <MethodPoint vc="0" uspid="39" ordinal="0" offset="0" />
            </Method>
            <Method visited="false" cyclomaticComplexity="1" sequenceCoverage="0" branchCoverage="0" isConstructor="true" isStatic="false" isGetter="false" isSetter="false">
              <Summary numSequencePoints="3" visitedSequencePoints="0" numBranchPoints="1" visitedBranchPoints="0" sequenceCoverage="0" branchCoverage="0" maxCyclomaticComplexity="1" minCyclomaticComplexity="1" />
              <MetadataToken>100663299</MetadataToken>
              <Name>System.Void Calculator.CalculationClass::.ctor()</Name>
              <FileRef uid="5" />
              <SequencePoints>
                <SequencePoint vc="0" uspid="40" ordinal="0" offset="0" sl="22" sc="3" el="22" ec="45" bec="0" bev="0" fileid="5" />
                <SequencePoint vc="0" uspid="41" ordinal="1" offset="16" sl="23" sc="3" el="23" ec="49" bec="0" bev="0" fileid="5" />
                <SequencePoint vc="0" uspid="42" ordinal="2" offset="27" sl="24" sc="3" el="24" ec="48" bec="0" bev="0" fileid="5" />
              </SequencePoints>
              <BranchPoints />
              <MethodPoint xsi:type="SequencePoint" vc="0" uspid="40" ordinal="0" offset="0" sl="22" sc="3" el="22" ec="45" bec="0" bev="0" fileid="5" />
            </Method>
          </Methods>
        </Class>
        <Class>
          <Summary numSequencePoints="1" visitedSequencePoints="0" numBranchPoints="1" visitedBranchPoints="0" sequenceCoverage="0" branchCoverage="0" maxCyclomaticComplexity="1" minCyclomaticComplexity="1" />
          <FullName>Calculator.CalculationClass/&lt;&gt;c__DisplayClass1</FullName>
          <Methods>
            <Method visited="false" cyclomaticComplexity="1" sequenceCoverage="0" branchCoverage="0" isConstructor="true" isStatic="false" isGetter="false" isSetter="false">
              <Summary numSequencePoints="0" visitedSequencePoints="0" numBranchPoints="0" visitedBranchPoints="0" sequenceCoverage="0" branchCoverage="0" maxCyclomaticComplexity="1" minCyclomaticComplexity="1" />
              <MetadataToken>100663325</MetadataToken>
              <Name>System.Void Calculator.CalculationClass/&lt;&gt;c__DisplayClass1::.ctor()</Name>
              <SequencePoints />
              <BranchPoints />
              <MethodPoint vc="0" uspid="43" ordinal="0" offset="0" />
            </Method>
            <Method visited="false" cyclomaticComplexity="1" sequenceCoverage="0" branchCoverage="0" isConstructor="false" isStatic="false" isGetter="false" isSetter="false">
              <Summary numSequencePoints="1" visitedSequencePoints="0" numBranchPoints="1" visitedBranchPoints="0" sequenceCoverage="0" branchCoverage="0" maxCyclomaticComplexity="1" minCyclomaticComplexity="1" />
              <MetadataToken>100663326</MetadataToken>
              <Name>System.Boolean Calculator.CalculationClass/&lt;&gt;c__DisplayClass1::&lt;GetOper&gt;b__0(Calculator.Operation_)</Name>
              <FileRef uid="5" />
              <SequencePoints>
                <SequencePoint vc="0" uspid="44" ordinal="0" offset="0" sl="49" sc="12" el="49" ec="32" bec="0" bev="0" fileid="5" />
              </SequencePoints>
              <BranchPoints />
              <MethodPoint xsi:type="SequencePoint" vc="0" uspid="44" ordinal="0" offset="0" sl="49" sc="12" el="49" ec="32" bec="0" bev="0" fileid="5" />
            </Method>
          </Methods>
        </Class>
        <Class>
          <Summary numSequencePoints="0" visitedSequencePoints="0" numBranchPoints="0" visitedBranchPoints="0" sequenceCoverage="0" branchCoverage="0" maxCyclomaticComplexity="1" minCyclomaticComplexity="1" />
          <FullName>Calculator.Operation_</FullName>
          <Methods>
            <Method visited="false" cyclomaticComplexity="1" sequenceCoverage="0" branchCoverage="0" isConstructor="true" isStatic="false" isGetter="false" isSetter="false">
              <Summary numSequencePoints="0" visitedSequencePoints="0" numBranchPoints="0" visitedBranchPoints="0" sequenceCoverage="0" branchCoverage="0" maxCyclomaticComplexity="1" minCyclomaticComplexity="1" />
              <MetadataToken>100663301</MetadataToken>
              <Name>System.Void Calculator.Operation_::.ctor()</Name>
              <SequencePoints />
              <BranchPoints />
              <MethodPoint vc="0" uspid="45" ordinal="0" offset="0" />
            </Method>
          </Methods>
        </Class>
        <Class>
          <Summary numSequencePoints="8" visitedSequencePoints="0" numBranchPoints="2" visitedBranchPoints="0" sequenceCoverage="0" branchCoverage="0" maxCyclomaticComplexity="1" minCyclomaticComplexity="1" />
          <FullName>Calculator.Sum2</FullName>
          <Methods>
            <Method visited="false" cyclomaticComplexity="1" sequenceCoverage="0" branchCoverage="0" isConstructor="true" isStatic="false" isGetter="false" isSetter="false">
              <Summary numSequencePoints="5" visitedSequencePoints="0" numBranchPoints="1" visitedBranchPoints="0" sequenceCoverage="0" branchCoverage="0" maxCyclomaticComplexity="1" minCyclomaticComplexity="1" />
              <MetadataToken>100663302</MetadataToken>
              <Name>System.Void Calculator.Sum2::.ctor()</Name>
              <FileRef uid="7" />
              <SequencePoints>
                <SequencePoint vc="0" uspid="46" ordinal="0" offset="0" sl="25" sc="6" el="25" ec="19" bec="0" bev="0" fileid="7" />
                <SequencePoint vc="0" uspid="47" ordinal="1" offset="7" sl="25" sc="20" el="25" ec="21" bec="0" bev="0" fileid="7" />
                <SequencePoint vc="0" uspid="48" ordinal="2" offset="8" sl="26" sc="7" el="26" ec="23" bec="0" bev="0" fileid="7" />
                <SequencePoint vc="0" uspid="49" ordinal="3" offset="19" sl="27" sc="7" el="27" ec="21" bec="0" bev="0" fileid="7" />
                <SequencePoint vc="0" uspid="50" ordinal="4" offset="26" sl="28" sc="6" el="28" ec="7" bec="0" bev="0" fileid="7" />
              </SequencePoints>
              <BranchPoints />
              <MethodPoint xsi:type="SequencePoint" vc="0" uspid="46" ordinal="0" offset="0" sl="25" sc="6" el="25" ec="19" bec="0" bev="0" fileid="7" />
            </Method>
            <Method visited="false" cyclomaticComplexity="1" sequenceCoverage="0" branchCoverage="0" isConstructor="false" isStatic="false" isGetter="false" isSetter="false">
              <Summary numSequencePoints="3" visitedSequencePoints="0" numBranchPoints="1" visitedBranchPoints="0" sequenceCoverage="0" branchCoverage="0" maxCyclomaticComplexity="1" minCyclomaticComplexity="1" />
              <MetadataToken>100663303</MetadataToken>
              <Name>System.Double Calculator.Sum2::execute(System.Double,System.Double)</Name>
              <FileRef uid="7" />
              <SequencePoints>
                <SequencePoint vc="0" uspid="51" ordinal="0" offset="0" sl="29" sc="64" el="29" ec="65" bec="0" bev="0" fileid="7" />
                <SequencePoint vc="0" uspid="52" ordinal="1" offset="1" sl="30" sc="13" el="30" ec="27" bec="0" bev="0" fileid="7" />
                <SequencePoint vc="0" uspid="53" ordinal="2" offset="7" sl="31" sc="9" el="31" ec="10" bec="0" bev="0" fileid="7" />
              </SequencePoints>
              <BranchPoints />
              <MethodPoint xsi:type="SequencePoint" vc="0" uspid="51" ordinal="0" offset="0" sl="29" sc="64" el="29" ec="65" bec="0" bev="0" fileid="7" />
            </Method>
          </Methods>
        </Class>
        <Class>
          <Summary numSequencePoints="8" visitedSequencePoints="0" numBranchPoints="2" visitedBranchPoints="0" sequenceCoverage="0" branchCoverage="0" maxCyclomaticComplexity="1" minCyclomaticComplexity="1" />
          <FullName>Calculator.Subst2</FullName>
          <Methods>
            <Method visited="false" cyclomaticComplexity="1" sequenceCoverage="0" branchCoverage="0" isConstructor="true" isStatic="false" isGetter="false" isSetter="false">
              <Summary numSequencePoints="5" visitedSequencePoints="0" numBranchPoints="1" visitedBranchPoints="0" sequenceCoverage="0" branchCoverage="0" maxCyclomaticComplexity="1" minCyclomaticComplexity="1" />
              <MetadataToken>100663304</MetadataToken>
              <Name>System.Void Calculator.Subst2::.ctor()</Name>
              <FileRef uid="7" />
              <SequencePoints>
                <SequencePoint vc="0" uspid="54" ordinal="0" offset="0" sl="35" sc="6" el="35" ec="21" bec="0" bev="0" fileid="7" />
                <SequencePoint vc="0" uspid="55" ordinal="1" offset="7" sl="35" sc="22" el="35" ec="23" bec="0" bev="0" fileid="7" />
                <SequencePoint vc="0" uspid="56" ordinal="2" offset="8" sl="36" sc="7" el="36" ec="23" bec="0" bev="0" fileid="7" />
                <SequencePoint vc="0" uspid="57" ordinal="3" offset="19" sl="37" sc="7" el="37" ec="21" bec="0" bev="0" fileid="7" />
                <SequencePoint vc="0" uspid="58" ordinal="4" offset="26" sl="38" sc="6" el="38" ec="7" bec="0" bev="0" fileid="7" />
              </SequencePoints>
              <BranchPoints />
              <MethodPoint xsi:type="SequencePoint" vc="0" uspid="54" ordinal="0" offset="0" sl="35" sc="6" el="35" ec="21" bec="0" bev="0" fileid="7" />
            </Method>
            <Method visited="false" cyclomaticComplexity="1" sequenceCoverage="0" branchCoverage="0" isConstructor="false" isStatic="false" isGetter="false" isSetter="false">
              <Summary numSequencePoints="3" visitedSequencePoints="0" numBranchPoints="1" visitedBranchPoints="0" sequenceCoverage="0" branchCoverage="0" maxCyclomaticComplexity="1" minCyclomaticComplexity="1" />
              <MetadataToken>100663305</MetadataToken>
              <Name>System.Double Calculator.Subst2::execute(System.Double,System.Double)</Name>
              <FileRef uid="7" />
              <SequencePoints>
                <SequencePoint vc="0" uspid="59" ordinal="0" offset="0" sl="39" sc="64" el="39" ec="65" bec="0" bev="0" fileid="7" />
                <SequencePoint vc="0" uspid="60" ordinal="1" offset="1" sl="40" sc="13" el="40" ec="27" bec="0" bev="0" fileid="7" />
                <SequencePoint vc="0" uspid="61" ordinal="2" offset="7" sl="41" sc="9" el="41" ec="10" bec="0" bev="0" fileid="7" />
              </SequencePoints>
              <BranchPoints />
              <MethodPoint xsi:type="SequencePoint" vc="0" uspid="59" ordinal="0" offset="0" sl="39" sc="64" el="39" ec="65" bec="0" bev="0" fileid="7" />
            </Method>
          </Methods>
        </Class>
        <Class>
          <Summary numSequencePoints="8" visitedSequencePoints="0" numBranchPoints="2" visitedBranchPoints="0" sequenceCoverage="0" branchCoverage="0" maxCyclomaticComplexity="1" minCyclomaticComplexity="1" />
          <FullName>Calculator.Mult2</FullName>
          <Methods>
            <Method visited="false" cyclomaticComplexity="1" sequenceCoverage="0" branchCoverage="0" isConstructor="true" isStatic="false" isGetter="false" isSetter="false">
              <Summary numSequencePoints="5" visitedSequencePoints="0" numBranchPoints="1" visitedBranchPoints="0" sequenceCoverage="0" branchCoverage="0" maxCyclomaticComplexity="1" minCyclomaticComplexity="1" />
              <MetadataToken>100663306</MetadataToken>
              <Name>System.Void Calculator.Mult2::.ctor()</Name>
              <FileRef uid="7" />
              <SequencePoints>
                <SequencePoint vc="0" uspid="62" ordinal="0" offset="0" sl="45" sc="6" el="45" ec="20" bec="0" bev="0" fileid="7" />
                <SequencePoint vc="0" uspid="63" ordinal="1" offset="7" sl="45" sc="21" el="45" ec="22" bec="0" bev="0" fileid="7" />
                <SequencePoint vc="0" uspid="64" ordinal="2" offset="8" sl="46" sc="7" el="46" ec="24" bec="0" bev="0" fileid="7" />
                <SequencePoint vc="0" uspid="65" ordinal="3" offset="19" sl="47" sc="11" el="47" ec="25" bec="0" bev="0" fileid="7" />
                <SequencePoint vc="0" uspid="66" ordinal="4" offset="26" sl="48" sc="6" el="48" ec="7" bec="0" bev="0" fileid="7" />
              </SequencePoints>
              <BranchPoints />
              <MethodPoint xsi:type="SequencePoint" vc="0" uspid="62" ordinal="0" offset="0" sl="45" sc="6" el="45" ec="20" bec="0" bev="0" fileid="7" />
            </Method>
            <Method visited="false" cyclomaticComplexity="1" sequenceCoverage="0" branchCoverage="0" isConstructor="false" isStatic="false" isGetter="false" isSetter="false">
              <Summary numSequencePoints="3" visitedSequencePoints="0" numBranchPoints="1" visitedBranchPoints="0" sequenceCoverage="0" branchCoverage="0" maxCyclomaticComplexity="1" minCyclomaticComplexity="1" />
              <MetadataToken>100663307</MetadataToken>
              <Name>System.Double Calculator.Mult2::execute(System.Double,System.Double)</Name>
              <FileRef uid="7" />
              <SequencePoints>
                <SequencePoint vc="0" uspid="67" ordinal="0" offset="0" sl="49" sc="64" el="49" ec="65" bec="0" bev="0" fileid="7" />
                <SequencePoint vc="0" uspid="68" ordinal="1" offset="1" sl="50" sc="13" el="50" ec="27" bec="0" bev="0" fileid="7" />
                <SequencePoint vc="0" uspid="69" ordinal="2" offset="7" sl="51" sc="9" el="51" ec="10" bec="0" bev="0" fileid="7" />
              </SequencePoints>
              <BranchPoints />
              <MethodPoint xsi:type="SequencePoint" vc="0" uspid="67" ordinal="0" offset="0" sl="49" sc="64" el="49" ec="65" bec="0" bev="0" fileid="7" />
            </Method>
          </Methods>
        </Class>
        <Class>
          <Summary numSequencePoints="8" visitedSequencePoints="0" numBranchPoints="2" visitedBranchPoints="0" sequenceCoverage="0" branchCoverage="0" maxCyclomaticComplexity="1" minCyclomaticComplexity="1" />
          <FullName>Calculator.Div2</FullName>
          <Methods>
            <Method visited="false" cyclomaticComplexity="1" sequenceCoverage="0" branchCoverage="0" isConstructor="true" isStatic="false" isGetter="false" isSetter="false">
              <Summary numSequencePoints="5" visitedSequencePoints="0" numBranchPoints="1" visitedBranchPoints="0" sequenceCoverage="0" branchCoverage="0" maxCyclomaticComplexity="1" minCyclomaticComplexity="1" />
              <MetadataToken>100663308</MetadataToken>
              <Name>System.Void Calculator.Div2::.ctor()</Name>
              <FileRef uid="7" />
              <SequencePoints>
                <SequencePoint vc="0" uspid="70" ordinal="0" offset="0" sl="55" sc="6" el="55" ec="19" bec="0" bev="0" fileid="7" />
                <SequencePoint vc="0" uspid="71" ordinal="1" offset="7" sl="55" sc="19" el="55" ec="20" bec="0" bev="0" fileid="7" />
                <SequencePoint vc="0" uspid="72" ordinal="2" offset="8" sl="56" sc="7" el="56" ec="24" bec="0" bev="0" fileid="7" />
                <SequencePoint vc="0" uspid="73" ordinal="3" offset="19" sl="57" sc="10" el="57" ec="24" bec="0" bev="0" fileid="7" />
                <SequencePoint vc="0" uspid="74" ordinal="4" offset="26" sl="58" sc="6" el="58" ec="7" bec="0" bev="0" fileid="7" />
              </SequencePoints>
              <BranchPoints />
              <MethodPoint xsi:type="SequencePoint" vc="0" uspid="70" ordinal="0" offset="0" sl="55" sc="6" el="55" ec="19" bec="0" bev="0" fileid="7" />
            </Method>
            <Method visited="false" cyclomaticComplexity="1" sequenceCoverage="0" branchCoverage="0" isConstructor="false" isStatic="false" isGetter="false" isSetter="false">
              <Summary numSequencePoints="3" visitedSequencePoints="0" numBranchPoints="1" visitedBranchPoints="0" sequenceCoverage="0" branchCoverage="0" maxCyclomaticComplexity="1" minCyclomaticComplexity="1" />
              <MetadataToken>100663309</MetadataToken>
              <Name>System.Double Calculator.Div2::execute(System.Double,System.Double)</Name>
              <FileRef uid="7" />
              <SequencePoints>
                <SequencePoint vc="0" uspid="75" ordinal="0" offset="0" sl="59" sc="64" el="59" ec="65" bec="0" bev="0" fileid="7" />
                <SequencePoint vc="0" uspid="76" ordinal="1" offset="1" sl="60" sc="13" el="60" ec="27" bec="0" bev="0" fileid="7" />
                <SequencePoint vc="0" uspid="77" ordinal="2" offset="7" sl="61" sc="9" el="61" ec="10" bec="0" bev="0" fileid="7" />
              </SequencePoints>
              <BranchPoints />
              <MethodPoint xsi:type="SequencePoint" vc="0" uspid="75" ordinal="0" offset="0" sl="59" sc="64" el="59" ec="65" bec="0" bev="0" fileid="7" />
            </Method>
          </Methods>
        </Class>
        <Class>
          <Summary numSequencePoints="8" visitedSequencePoints="0" numBranchPoints="2" visitedBranchPoints="0" sequenceCoverage="0" branchCoverage="0" maxCyclomaticComplexity="1" minCyclomaticComplexity="1" />
          <FullName>Calculator.Pow2</FullName>
          <Methods>
            <Method visited="false" cyclomaticComplexity="1" sequenceCoverage="0" branchCoverage="0" isConstructor="true" isStatic="false" isGetter="false" isSetter="false">
              <Summary numSequencePoints="5" visitedSequencePoints="0" numBranchPoints="1" visitedBranchPoints="0" sequenceCoverage="0" branchCoverage="0" maxCyclomaticComplexity="1" minCyclomaticComplexity="1" />
              <MetadataToken>100663310</MetadataToken>
              <Name>System.Void Calculator.Pow2::.ctor()</Name>
              <FileRef uid="7" />
              <SequencePoints>
                <SequencePoint vc="0" uspid="78" ordinal="0" offset="0" sl="65" sc="6" el="65" ec="19" bec="0" bev="0" fileid="7" />
                <SequencePoint vc="0" uspid="79" ordinal="1" offset="7" sl="65" sc="19" el="65" ec="20" bec="0" bev="0" fileid="7" />
                <SequencePoint vc="0" uspid="80" ordinal="2" offset="8" sl="66" sc="7" el="66" ec="24" bec="0" bev="0" fileid="7" />
                <SequencePoint vc="0" uspid="81" ordinal="3" offset="19" sl="67" sc="10" el="67" ec="24" bec="0" bev="0" fileid="7" />
                <SequencePoint vc="0" uspid="82" ordinal="4" offset="26" sl="68" sc="6" el="68" ec="7" bec="0" bev="0" fileid="7" />
              </SequencePoints>
              <BranchPoints />
              <MethodPoint xsi:type="SequencePoint" vc="0" uspid="78" ordinal="0" offset="0" sl="65" sc="6" el="65" ec="19" bec="0" bev="0" fileid="7" />
            </Method>
            <Method visited="false" cyclomaticComplexity="1" sequenceCoverage="0" branchCoverage="0" isConstructor="false" isStatic="false" isGetter="false" isSetter="false">
              <Summary numSequencePoints="3" visitedSequencePoints="0" numBranchPoints="1" visitedBranchPoints="0" sequenceCoverage="0" branchCoverage="0" maxCyclomaticComplexity="1" minCyclomaticComplexity="1" />
              <MetadataToken>100663311</MetadataToken>
              <Name>System.Double Calculator.Pow2::execute(System.Double,System.Double)</Name>
              <FileRef uid="7" />
              <SequencePoints>
                <SequencePoint vc="0" uspid="83" ordinal="0" offset="0" sl="69" sc="64" el="69" ec="65" bec="0" bev="0" fileid="7" />
                <SequencePoint vc="0" uspid="84" ordinal="1" offset="1" sl="70" sc="10" el="70" ec="37" bec="0" bev="0" fileid="7" />
                <SequencePoint vc="0" uspid="85" ordinal="2" offset="11" sl="71" sc="9" el="71" ec="10" bec="0" bev="0" fileid="7" />
              </SequencePoints>
              <BranchPoints />
              <MethodPoint xsi:type="SequencePoint" vc="0" uspid="83" ordinal="0" offset="0" sl="69" sc="64" el="69" ec="65" bec="0" bev="0" fileid="7" />
            </Method>
          </Methods>
        </Class>
        <Class>
          <Summary numSequencePoints="8" visitedSequencePoints="0" numBranchPoints="2" visitedBranchPoints="0" sequenceCoverage="0" branchCoverage="0" maxCyclomaticComplexity="1" minCyclomaticComplexity="1" />
          <FullName>Calculator.Minus</FullName>
          <Methods>
            <Method visited="false" cyclomaticComplexity="1" sequenceCoverage="0" branchCoverage="0" isConstructor="true" isStatic="false" isGetter="false" isSetter="false">
              <Summary numSequencePoints="5" visitedSequencePoints="0" numBranchPoints="1" visitedBranchPoints="0" sequenceCoverage="0" branchCoverage="0" maxCyclomaticComplexity="1" minCyclomaticComplexity="1" />
              <MetadataToken>100663312</MetadataToken>
              <Name>System.Void Calculator.Minus::.ctor()</Name>
              <FileRef uid="7" />
              <SequencePoints>
                <SequencePoint vc="0" uspid="86" ordinal="0" offset="0" sl="75" sc="6" el="75" ec="20" bec="0" bev="0" fileid="7" />
                <SequencePoint vc="0" uspid="87" ordinal="1" offset="7" sl="75" sc="20" el="75" ec="21" bec="0" bev="0" fileid="7" />
                <SequencePoint vc="0" uspid="88" ordinal="2" offset="8" sl="76" sc="7" el="76" ec="24" bec="0" bev="0" fileid="7" />
                <SequencePoint vc="0" uspid="89" ordinal="3" offset="19" sl="77" sc="10" el="77" ec="24" bec="0" bev="0" fileid="7" />
                <SequencePoint vc="0" uspid="90" ordinal="4" offset="26" sl="78" sc="6" el="78" ec="7" bec="0" bev="0" fileid="7" />
              </SequencePoints>
              <BranchPoints />
              <MethodPoint xsi:type="SequencePoint" vc="0" uspid="86" ordinal="0" offset="0" sl="75" sc="6" el="75" ec="20" bec="0" bev="0" fileid="7" />
            </Method>
            <Method visited="false" cyclomaticComplexity="1" sequenceCoverage="0" branchCoverage="0" isConstructor="false" isStatic="false" isGetter="false" isSetter="false">
              <Summary numSequencePoints="3" visitedSequencePoints="0" numBranchPoints="1" visitedBranchPoints="0" sequenceCoverage="0" branchCoverage="0" maxCyclomaticComplexity="1" minCyclomaticComplexity="1" />
              <MetadataToken>100663313</MetadataToken>
              <Name>System.Double Calculator.Minus::execute(System.Double,System.Double)</Name>
              <FileRef uid="7" />
              <SequencePoints>
                <SequencePoint vc="0" uspid="91" ordinal="0" offset="0" sl="79" sc="70" el="79" ec="71" bec="0" bev="0" fileid="7" />
                <SequencePoint vc="0" uspid="92" ordinal="1" offset="1" sl="80" sc="7" el="80" ec="21" bec="0" bev="0" fileid="7" />
                <SequencePoint vc="0" uspid="93" ordinal="2" offset="15" sl="81" sc="9" el="81" ec="10" bec="0" bev="0" fileid="7" />
              </SequencePoints>
              <BranchPoints />
              <MethodPoint xsi:type="SequencePoint" vc="0" uspid="91" ordinal="0" offset="0" sl="79" sc="70" el="79" ec="71" bec="0" bev="0" fileid="7" />
            </Method>
          </Methods>
        </Class>
        <Class>
          <Summary numSequencePoints="9" visitedSequencePoints="0" numBranchPoints="1" visitedBranchPoints="0" sequenceCoverage="0" branchCoverage="0" maxCyclomaticComplexity="1" minCyclomaticComplexity="1" />
          <FullName>Calculator.OperationsKit</FullName>
          <Methods>
            <Method visited="false" cyclomaticComplexity="1" sequenceCoverage="0" branchCoverage="0" isConstructor="true" isStatic="false" isGetter="false" isSetter="false">
              <Summary numSequencePoints="9" visitedSequencePoints="0" numBranchPoints="1" visitedBranchPoints="0" sequenceCoverage="0" branchCoverage="0" maxCyclomaticComplexity="1" minCyclomaticComplexity="1" />
              <MetadataToken>100663314</MetadataToken>
              <Name>System.Void Calculator.OperationsKit::.ctor()</Name>
              <FileRef uid="13" />
              <SequencePoints>
                <SequencePoint vc="0" uspid="94" ordinal="0" offset="0" sl="19" sc="3" el="19" ec="61" bec="0" bev="0" fileid="13" />
                <SequencePoint vc="0" uspid="95" ordinal="1" offset="11" sl="22" sc="3" el="22" ec="25" bec="0" bev="0" fileid="13" />
                <SequencePoint vc="0" uspid="96" ordinal="2" offset="18" sl="23" sc="3" el="23" ec="4" bec="0" bev="0" fileid="13" />
                <SequencePoint vc="0" uspid="97" ordinal="3" offset="19" sl="24" sc="4" el="24" ec="28" bec="0" bev="0" fileid="13" />
                <SequencePoint vc="0" uspid="98" ordinal="4" offset="36" sl="25" sc="4" el="25" ec="30" bec="0" bev="0" fileid="13" />
                <SequencePoint vc="0" uspid="99" ordinal="5" offset="53" sl="26" sc="4" el="26" ec="29" bec="0" bev="0" fileid="13" />
                <SequencePoint vc="0" uspid="100" ordinal="6" offset="70" sl="27" sc="4" el="27" ec="28" bec="0" bev="0" fileid="13" />
                <SequencePoint vc="0" uspid="101" ordinal="7" offset="87" sl="28" sc="4" el="28" ec="28" bec="0" bev="0" fileid="13" />
                <SequencePoint vc="0" uspid="102" ordinal="8" offset="104" sl="30" sc="3" el="30" ec="4" bec="0" bev="0" fileid="13" />
              </SequencePoints>
              <BranchPoints />
              <MethodPoint xsi:type="SequencePoint" vc="0" uspid="94" ordinal="0" offset="0" sl="19" sc="3" el="19" ec="61" bec="0" bev="0" fileid="13" />
            </Method>
          </Methods>
        </Class>
        <Class>
          <Summary numSequencePoints="89" visitedSequencePoints="0" numBranchPoints="39" visitedBranchPoints="0" sequenceCoverage="0" branchCoverage="0" maxCyclomaticComplexity="15" minCyclomaticComplexity="1" />
          <FullName>Calculator.ParserClass</FullName>
          <Methods>
            <Method visited="false" cyclomaticComplexity="1" sequenceCoverage="0" branchCoverage="0" isConstructor="true" isStatic="false" isGetter="false" isSetter="false">
              <Summary numSequencePoints="6" visitedSequencePoints="0" numBranchPoints="1" visitedBranchPoints="0" sequenceCoverage="0" branchCoverage="0" maxCyclomaticComplexity="1" minCyclomaticComplexity="1" />
              <MetadataToken>100663315</MetadataToken>
              <Name>System.Void Calculator.ParserClass::.ctor(System.String)</Name>
              <FileRef uid="14" />
              <SequencePoints>
                <SequencePoint vc="0" uspid="103" ordinal="0" offset="0" sl="21" sc="3" el="21" ec="45" bec="0" bev="0" fileid="14" />
                <SequencePoint vc="0" uspid="104" ordinal="1" offset="16" sl="22" sc="3" el="22" ec="49" bec="0" bev="0" fileid="14" />
                <SequencePoint vc="0" uspid="105" ordinal="2" offset="27" sl="24" sc="3" el="24" ec="40" bec="0" bev="0" fileid="14" />
                <SequencePoint vc="0" uspid="106" ordinal="3" offset="34" sl="25" sc="3" el="25" ec="4" bec="0" bev="0" fileid="14" />
                <SequencePoint vc="0" uspid="107" ordinal="4" offset="35" sl="26" sc="4" el="26" ec="34" bec="0" bev="0" fileid="14" />
                <SequencePoint vc="0" uspid="108" ordinal="5" offset="42" sl="27" sc="3" el="27" ec="4" bec="0" bev="0" fileid="14" />
              </SequencePoints>
              <BranchPoints />
              <MethodPoint xsi:type="SequencePoint" vc="0" uspid="103" ordinal="0" offset="0" sl="21" sc="3" el="21" ec="45" bec="0" bev="0" fileid="14" />
            </Method>
            <Method visited="false" cyclomaticComplexity="15" sequenceCoverage="0" branchCoverage="0" isConstructor="false" isStatic="false" isGetter="false" isSetter="false">
              <Summary numSequencePoints="59" visitedSequencePoints="0" numBranchPoints="29" visitedBranchPoints="0" sequenceCoverage="0" branchCoverage="0" maxCyclomaticComplexity="15" minCyclomaticComplexity="15" />
              <MetadataToken>100663316</MetadataToken>
              <Name>System.Collections.Generic.List`1&lt;System.String&gt; Calculator.ParserClass::TransformString(System.String)</Name>
              <FileRef uid="14" />
              <SequencePoints>
                <SequencePoint vc="0" uspid="109" ordinal="0" offset="0" sl="30" sc="53" el="30" ec="54" bec="0" bev="0" fileid="14" />
                <SequencePoint vc="0" uspid="110" ordinal="1" offset="1" sl="31" sc="4" el="31" ec="50" bec="0" bev="0" fileid="14" />
                <SequencePoint vc="0" uspid="111" ordinal="2" offset="7" sl="32" sc="4" el="32" ec="53" bec="0" bev="0" fileid="14" />
                <SequencePoint vc="0" uspid="112" ordinal="3" offset="13" sl="35" sc="4" el="36" ec="30" bec="2" bev="0" fileid="14" />
                <SequencePoint vc="0" uspid="113" ordinal="4" offset="61" sl="38" sc="4" el="38" ec="76" bec="0" bev="0" fileid="14" />
                <SequencePoint vc="0" uspid="114" ordinal="5" offset="75" sl="40" sc="4" el="40" ec="11" bec="0" bev="0" fileid="14" />
                <SequencePoint vc="0" uspid="115" ordinal="6" offset="76" sl="40" sc="25" el="40" ec="38" bec="0" bev="0" fileid="14" />
                <SequencePoint vc="0" uspid="116" ordinal="7" offset="87" sl="40" sc="13" el="40" ec="21" bec="0" bev="0" fileid="14" />
                <SequencePoint vc="0" uspid="117" ordinal="8" offset="94" sl="40" sc="41" el="40" ec="42" bec="0" bev="0" fileid="14" />
                <SequencePoint vc="0" uspid="118" ordinal="9" offset="95" sl="43" sc="5" el="43" ec="35" bec="2" bev="0" fileid="14" />
                <SequencePoint vc="0" uspid="119" ordinal="10" offset="122" sl="43" sc="35" el="43" ec="36" bec="0" bev="0" fileid="14" />
                <SequencePoint vc="0" uspid="120" ordinal="11" offset="123" sl="44" sc="6" el="44" ec="22" bec="0" bev="0" fileid="14" />
                <SequencePoint vc="0" uspid="121" ordinal="12" offset="132" sl="45" sc="6" el="45" ec="16" bec="0" bev="0" fileid="14" />
                <SequencePoint vc="0" uspid="122" ordinal="13" offset="137" sl="49" sc="5" el="49" ec="32" bec="2" bev="0" fileid="14" />
                <SequencePoint vc="0" uspid="123" ordinal="14" offset="157" sl="49" sc="33" el="49" ec="34" bec="0" bev="0" fileid="14" />
                <SequencePoint vc="0" uspid="124" ordinal="15" offset="158" sl="52" sc="6" el="52" ec="87" bec="4" bev="0" fileid="14" />
                <SequencePoint vc="0" uspid="125" ordinal="16" offset="201" sl="52" sc="88" el="52" ec="89" bec="0" bev="0" fileid="14" />
                <SequencePoint vc="0" uspid="126" ordinal="17" offset="202" sl="53" sc="7" el="53" ec="27" bec="0" bev="0" fileid="14" />
                <SequencePoint vc="0" uspid="127" ordinal="18" offset="211" sl="54" sc="7" el="54" ec="17" bec="0" bev="0" fileid="14" />
                <SequencePoint vc="0" uspid="128" ordinal="19" offset="216" sl="58" sc="6" el="58" ec="63" bec="2" bev="0" fileid="14" />
                <SequencePoint vc="0" uspid="129" ordinal="20" offset="244" sl="58" sc="63" el="58" ec="64" bec="0" bev="0" fileid="14" />
                <SequencePoint vc="0" uspid="130" ordinal="21" offset="247" sl="61" sc="34" el="61" ec="35" bec="0" bev="0" fileid="14" />
                <SequencePoint vc="0" uspid="131" ordinal="22" offset="248" sl="62" sc="8" el="62" ec="65" bec="2" bev="0" fileid="14" />
                <SequencePoint vc="0" uspid="132" ordinal="23" offset="279" sl="63" sc="11" el="63" ec="17" bec="0" bev="0" fileid="14" />
                <SequencePoint vc="0" uspid="133" ordinal="24" offset="281" sl="64" sc="8" el="64" ec="39" bec="0" bev="0" fileid="14" />
                <SequencePoint vc="0" uspid="134" ordinal="25" offset="294" sl="65" sc="7" el="65" ec="8" bec="0" bev="0" fileid="14" />
                <SequencePoint vc="0" uspid="135" ordinal="26" offset="295" sl="61" sc="7" el="61" ec="34" bec="2" bev="0" fileid="14" />
                <SequencePoint vc="0" uspid="136" ordinal="27" offset="310" sl="67" sc="7" el="67" ec="27" bec="0" bev="0" fileid="14" />
                <SequencePoint vc="0" uspid="137" ordinal="28" offset="319" sl="68" sc="6" el="68" ec="7" bec="0" bev="0" fileid="14" />
                <SequencePoint vc="0" uspid="138" ordinal="29" offset="320" sl="69" sc="5" el="69" ec="6" bec="0" bev="0" fileid="14" />
                <SequencePoint vc="0" uspid="139" ordinal="30" offset="321" sl="71" sc="5" el="71" ec="19" bec="2" bev="0" fileid="14" />
                <SequencePoint vc="0" uspid="140" ordinal="31" offset="342" sl="71" sc="20" el="71" ec="21" bec="0" bev="0" fileid="14" />
                <SequencePoint vc="0" uspid="141" ordinal="32" offset="343" sl="72" sc="6" el="72" ec="26" bec="0" bev="0" fileid="14" />
                <SequencePoint vc="0" uspid="142" ordinal="33" offset="352" sl="73" sc="5" el="73" ec="6" bec="0" bev="0" fileid="14" />
                <SequencePoint vc="0" uspid="143" ordinal="34" offset="353" sl="75" sc="5" el="75" ec="19" bec="2" bev="0" fileid="14" />
                <SequencePoint vc="0" uspid="144" ordinal="35" offset="374" sl="75" sc="20" el="75" ec="21" bec="0" bev="0" fileid="14" />
                <SequencePoint vc="0" uspid="145" ordinal="36" offset="375" sl="77" sc="6" el="77" ec="44" bec="0" bev="0" fileid="14" />
                <SequencePoint vc="0" uspid="146" ordinal="37" offset="387" sl="78" sc="28" el="78" ec="29" bec="0" bev="0" fileid="14" />
                <SequencePoint vc="0" uspid="147" ordinal="38" offset="388" sl="79" sc="7" el="79" ec="36" bec="2" bev="0" fileid="14" />
                <SequencePoint vc="0" uspid="148" ordinal="39" offset="413" sl="79" sc="36" el="79" ec="37" bec="0" bev="0" fileid="14" />
                <SequencePoint vc="0" uspid="149" ordinal="40" offset="414" sl="80" sc="8" el="80" ec="15" bec="0" bev="0" fileid="14" />
                <SequencePoint vc="0" uspid="150" ordinal="41" offset="416" sl="82" sc="7" el="82" ec="38" bec="0" bev="0" fileid="14" />
                <SequencePoint vc="0" uspid="151" ordinal="42" offset="429" sl="83" sc="6" el="83" ec="7" bec="0" bev="0" fileid="14" />
                <SequencePoint vc="0" uspid="152" ordinal="43" offset="430" sl="78" sc="13" el="78" ec="26" bec="0" bev="0" fileid="14" />
                <SequencePoint vc="0" uspid="153" ordinal="44" offset="441" sl="84" sc="6" el="84" ec="24" bec="0" bev="0" fileid="14" />
                <SequencePoint vc="0" uspid="154" ordinal="45" offset="448" sl="85" sc="5" el="85" ec="6" bec="0" bev="0" fileid="14" />
                <SequencePoint vc="0" uspid="155" ordinal="46" offset="449" sl="86" sc="4" el="86" ec="5" bec="0" bev="0" fileid="14" />
                <SequencePoint vc="0" uspid="156" ordinal="47" offset="456" sl="40" sc="22" el="40" ec="24" bec="2" bev="0" fileid="14" />
                <SequencePoint vc="0" uspid="157" ordinal="48" offset="473" sl="88" sc="4" el="88" ec="28" bec="2" bev="0" fileid="14" />
                <SequencePoint vc="0" uspid="158" ordinal="49" offset="488" sl="88" sc="29" el="88" ec="30" bec="0" bev="0" fileid="14" />
                <SequencePoint vc="0" uspid="159" ordinal="50" offset="489" sl="90" sc="5" el="90" ec="41" bec="0" bev="0" fileid="14" />
                <SequencePoint vc="0" uspid="160" ordinal="51" offset="499" sl="91" sc="43" el="91" ec="44" bec="0" bev="0" fileid="14" />
                <SequencePoint vc="0" uspid="161" ordinal="52" offset="500" sl="92" sc="6" el="92" ec="37" bec="0" bev="0" fileid="14" />
                <SequencePoint vc="0" uspid="162" ordinal="53" offset="513" sl="93" sc="5" el="93" ec="6" bec="0" bev="0" fileid="14" />
                <SequencePoint vc="0" uspid="163" ordinal="54" offset="514" sl="91" sc="28" el="91" ec="41" bec="0" bev="0" fileid="14" />
                <SequencePoint vc="0" uspid="164" ordinal="55" offset="520" sl="91" sc="11" el="91" ec="26" bec="2" bev="0" fileid="14" />
                <SequencePoint vc="0" uspid="165" ordinal="56" offset="531" sl="94" sc="4" el="94" ec="5" bec="0" bev="0" fileid="14" />
                <SequencePoint vc="0" uspid="166" ordinal="57" offset="532" sl="96" sc="4" el="96" ec="20" bec="0" bev="0" fileid="14" />
                <SequencePoint vc="0" uspid="167" ordinal="58" offset="537" sl="97" sc="3" el="97" ec="4" bec="0" bev="0" fileid="14" />
              </SequencePoints>
              <BranchPoints>
                <BranchPoint vc="0" uspid="168" ordinal="0" offset="29" path="0" offsetchain="" offsetend="31" />
                <BranchPoint vc="0" uspid="169" ordinal="1" offset="29" path="1" offsetchain="" offsetend="50" />
                <BranchPoint vc="0" uspid="170" ordinal="2" offset="120" path="0" offsetchain="" offsetend="122" />
                <BranchPoint vc="0" uspid="171" ordinal="3" offset="120" path="1" offsetchain="" offsetend="137" />
                <BranchPoint vc="0" uspid="172" ordinal="4" offset="152" path="0" offsetchain="" offsetend="157" />
                <BranchPoint vc="0" uspid="173" ordinal="5" offset="152" path="1" offsetchain="" offsetend="321" />
                <BranchPoint vc="0" uspid="174" ordinal="6" offset="164" path="0" offsetchain="" offsetend="166" />
                <BranchPoint vc="0" uspid="175" ordinal="7" offset="164" path="1" offsetchain="" offsetend="193" />
                <BranchPoint vc="0" uspid="176" ordinal="8" offset="199" path="0" offsetchain="" offsetend="201" />
                <BranchPoint vc="0" uspid="177" ordinal="9" offset="199" path="1" offsetchain="" offsetend="216" />
                <BranchPoint vc="0" uspid="178" ordinal="10" offset="242" path="0" offsetchain="" offsetend="244" />
                <BranchPoint vc="0" uspid="179" ordinal="11" offset="242" path="1" offsetchain="" offsetend="320" />
                <BranchPoint vc="0" uspid="180" ordinal="12" offset="277" path="0" offsetchain="279" offsetend="310" />
                <BranchPoint vc="0" uspid="181" ordinal="13" offset="277" path="1" offsetchain="" offsetend="281" />
                <BranchPoint vc="0" uspid="182" ordinal="14" offset="308" path="0" offsetchain="" offsetend="310" />
                <BranchPoint vc="0" uspid="183" ordinal="15" offset="308" path="1" offsetchain="" offsetend="247" />
                <BranchPoint vc="0" uspid="184" ordinal="16" offset="340" path="0" offsetchain="" offsetend="342" />
                <BranchPoint vc="0" uspid="185" ordinal="17" offset="340" path="1" offsetchain="" offsetend="353" />
                <BranchPoint vc="0" uspid="186" ordinal="18" offset="372" path="0" offsetchain="" offsetend="374" />
                <BranchPoint vc="0" uspid="187" ordinal="19" offset="372" path="1" offsetchain="" offsetend="449" />
                <BranchPoint vc="0" uspid="188" ordinal="20" offset="411" path="0" offsetchain="" offsetend="413" />
                <BranchPoint vc="0" uspid="189" ordinal="21" offset="411" path="1" offsetchain="" offsetend="416" />
                <BranchPoint vc="0" uspid="190" ordinal="22" offset="468" path="0" offsetchain="" offsetend="473" />
                <BranchPoint vc="0" uspid="191" ordinal="23" offset="468" path="1" offsetchain="" offsetend="87" />
                <BranchPoint vc="0" uspid="192" ordinal="24" offset="486" path="0" offsetchain="" offsetend="488" />
                <BranchPoint vc="0" uspid="193" ordinal="25" offset="486" path="1" offsetchain="" offsetend="532" />
                <BranchPoint vc="0" uspid="194" ordinal="26" offset="529" path="0" offsetchain="" offsetend="531" />
                <BranchPoint vc="0" uspid="195" ordinal="27" offset="529" path="1" offsetchain="" offsetend="499" />
              </BranchPoints>
              <MethodPoint xsi:type="SequencePoint" vc="0" uspid="109" ordinal="0" offset="0" sl="30" sc="53" el="30" ec="54" bec="0" bev="0" fileid="14" />
            </Method>
            <Method visited="false" cyclomaticComplexity="3" sequenceCoverage="0" branchCoverage="0" isConstructor="false" isStatic="false" isGetter="false" isSetter="false">
              <Summary numSequencePoints="6" visitedSequencePoints="0" numBranchPoints="5" visitedBranchPoints="0" sequenceCoverage="0" branchCoverage="0" maxCyclomaticComplexity="3" minCyclomaticComplexity="3" />
              <MetadataToken>100663317</MetadataToken>
              <Name>System.Int32 Calculator.ParserClass::GetPriorytiOf(System.String)</Name>
              <FileRef uid="14" />
              <SequencePoints>
                <SequencePoint vc="0" uspid="196" ordinal="0" offset="13" sl="99" sc="31" el="99" ec="32" bec="0" bev="0" fileid="14" />
                <SequencePoint vc="0" uspid="197" ordinal="1" offset="14" sl="100" sc="4" el="102" ec="18" bec="0" bev="0" fileid="14" />
                <SequencePoint vc="0" uspid="198" ordinal="2" offset="43" sl="104" sc="4" el="104" ec="28" bec="4" bev="0" fileid="14" />
                <SequencePoint vc="0" uspid="199" ordinal="3" offset="88" sl="105" sc="5" el="105" ec="15" bec="0" bev="0" fileid="14" />
                <SequencePoint vc="0" uspid="200" ordinal="4" offset="92" sl="107" sc="4" el="107" ec="48" bec="0" bev="0" fileid="14" />
                <SequencePoint vc="0" uspid="201" ordinal="5" offset="111" sl="108" sc="3" el="108" ec="4" bec="0" bev="0" fileid="14" />
              </SequencePoints>
              <BranchPoints>
                <BranchPoint vc="0" uspid="203" ordinal="0" offset="59" path="0" offsetchain="" offsetend="61" />
                <BranchPoint vc="0" uspid="204" ordinal="1" offset="59" path="1" offsetchain="" offsetend="82" />
                <BranchPoint vc="0" uspid="205" ordinal="2" offset="86" path="0" offsetchain="" offsetend="88" />
                <BranchPoint vc="0" uspid="206" ordinal="3" offset="86" path="1" offsetchain="" offsetend="92" />
              </BranchPoints>
              <MethodPoint vc="0" uspid="202" ordinal="0" offset="0" />
            </Method>
            <Method visited="false" cyclomaticComplexity="2" sequenceCoverage="0" branchCoverage="0" isConstructor="false" isStatic="false" isGetter="false" isSetter="false">
              <Summary numSequencePoints="17" visitedSequencePoints="0" numBranchPoints="3" visitedBranchPoints="0" sequenceCoverage="0" branchCoverage="0" maxCyclomaticComplexity="2" minCyclomaticComplexity="2" />
              <MetadataToken>100663318</MetadataToken>
              <Name>System.String[] Calculator.ParserClass::ForminputSequence(System.String,System.Collections.Generic.List`1&lt;System.String&gt;)</Name>
              <FileRef uid="14" />
              <SequencePoints>
                <SequencePoint vc="0" uspid="207" ordinal="0" offset="0" sl="110" sc="73" el="110" ec="74" bec="0" bev="0" fileid="14" />
                <SequencePoint vc="0" uspid="208" ordinal="1" offset="1" sl="111" sc="4" el="111" ec="25" bec="0" bev="0" fileid="14" />
                <SequencePoint vc="0" uspid="209" ordinal="2" offset="7" sl="113" sc="4" el="113" ec="71" bec="0" bev="0" fileid="14" />
                <SequencePoint vc="0" uspid="210" ordinal="3" offset="43" sl="114" sc="4" el="114" ec="11" bec="0" bev="0" fileid="14" />
                <SequencePoint vc="0" uspid="211" ordinal="4" offset="44" sl="114" sc="26" el="114" ec="36" bec="0" bev="0" fileid="14" />
                <SequencePoint vc="0" uspid="212" ordinal="5" offset="54" sl="114" sc="12" el="114" ec="22" bec="0" bev="0" fileid="14" />
                <SequencePoint vc="0" uspid="213" ordinal="6" offset="62" sl="114" sc="37" el="114" ec="38" bec="0" bev="0" fileid="14" />
                <SequencePoint vc="0" uspid="214" ordinal="7" offset="63" sl="115" sc="5" el="115" ec="51" bec="0" bev="0" fileid="14" />
                <SequencePoint vc="0" uspid="215" ordinal="8" offset="87" sl="116" sc="4" el="116" ec="5" bec="0" bev="0" fileid="14" />
                <SequencePoint vc="0" uspid="216" ordinal="9" offset="88" sl="114" sc="23" el="114" ec="25" bec="2" bev="0" fileid="14" />
                <SequencePoint vc="0" uspid="217" ordinal="10" offset="119" sl="117" sc="4" el="117" ec="44" bec="0" bev="0" fileid="14" />
                <SequencePoint vc="0" uspid="218" ordinal="11" offset="136" sl="118" sc="4" el="118" ec="44" bec="0" bev="0" fileid="14" />
                <SequencePoint vc="0" uspid="219" ordinal="12" offset="153" sl="119" sc="4" el="119" ec="43" bec="0" bev="0" fileid="14" />
                <SequencePoint vc="0" uspid="220" ordinal="13" offset="170" sl="120" sc="4" el="120" ec="43" bec="0" bev="0" fileid="14" />
                <SequencePoint vc="0" uspid="221" ordinal="14" offset="187" sl="121" sc="4" el="121" ec="44" bec="0" bev="0" fileid="14" />
                <SequencePoint vc="0" uspid="222" ordinal="15" offset="210" sl="123" sc="4" el="123" ec="20" bec="0" bev="0" fileid="14" />
                <SequencePoint vc="0" uspid="223" ordinal="16" offset="214" sl="124" sc="3" el="124" ec="4" bec="0" bev="0" fileid="14" />
              </SequencePoints>
              <BranchPoints>
                <BranchPoint vc="0" uspid="224" ordinal="0" offset="99" path="0" offsetchain="" offsetend="101" />
                <BranchPoint vc="0" uspid="225" ordinal="1" offset="99" path="1" offsetchain="" offsetend="54" />
              </BranchPoints>
              <MethodPoint xsi:type="SequencePoint" vc="0" uspid="207" ordinal="0" offset="0" sl="110" sc="73" el="110" ec="74" bec="0" bev="0" fileid="14" />
            </Method>
            <Method visited="false" cyclomaticComplexity="1" sequenceCoverage="0" branchCoverage="0" isConstructor="false" isStatic="true" isGetter="false" isSetter="false">
              <Summary numSequencePoints="1" visitedSequencePoints="0" numBranchPoints="1" visitedBranchPoints="0" sequenceCoverage="0" branchCoverage="0" maxCyclomaticComplexity="1" minCyclomaticComplexity="1" />
              <MetadataToken>100663319</MetadataToken>
              <Name>System.String Calculator.ParserClass::&lt;TransformString&gt;b__0(Calculator.Operation_)</Name>
              <FileRef uid="14" />
              <SequencePoints>
                <SequencePoint vc="0" uspid="226" ordinal="0" offset="0" sl="36" sc="16" el="36" ec="28" bec="0" bev="0" fileid="14" />
              </SequencePoints>
              <BranchPoints />
              <MethodPoint xsi:type="SequencePoint" vc="0" uspid="226" ordinal="0" offset="0" sl="36" sc="16" el="36" ec="28" bec="0" bev="0" fileid="14" />
            </Method>
          </Methods>
        </Class>
        <Class>
          <Summary numSequencePoints="1" visitedSequencePoints="0" numBranchPoints="1" visitedBranchPoints="0" sequenceCoverage="0" branchCoverage="0" maxCyclomaticComplexity="1" minCyclomaticComplexity="1" />
          <FullName>Calculator.ParserClass/&lt;&gt;c__DisplayClass3</FullName>
          <Methods>
            <Method visited="false" cyclomaticComplexity="1" sequenceCoverage="0" branchCoverage="0" isConstructor="true" isStatic="false" isGetter="false" isSetter="false">
              <Summary numSequencePoints="0" visitedSequencePoints="0" numBranchPoints="0" visitedBranchPoints="0" sequenceCoverage="0" branchCoverage="0" maxCyclomaticComplexity="1" minCyclomaticComplexity="1" />
              <MetadataToken>100663327</MetadataToken>
              <Name>System.Void Calculator.ParserClass/&lt;&gt;c__DisplayClass3::.ctor()</Name>
              <SequencePoints />
              <BranchPoints />
              <MethodPoint vc="0" uspid="227" ordinal="0" offset="0" />
            </Method>
            <Method visited="false" cyclomaticComplexity="1" sequenceCoverage="0" branchCoverage="0" isConstructor="false" isStatic="false" isGetter="false" isSetter="false">
              <Summary numSequencePoints="1" visitedSequencePoints="0" numBranchPoints="1" visitedBranchPoints="0" sequenceCoverage="0" branchCoverage="0" maxCyclomaticComplexity="1" minCyclomaticComplexity="1" />
              <MetadataToken>100663328</MetadataToken>
              <Name>System.Boolean Calculator.ParserClass/&lt;&gt;c__DisplayClass3::&lt;GetPriorytiOf&gt;b__2(Calculator.Operation_)</Name>
              <FileRef uid="14" />
              <SequencePoints>
                <SequencePoint vc="0" uspid="228" ordinal="0" offset="0" sl="101" sc="13" el="101" ec="30" bec="0" bev="0" fileid="14" />
              </SequencePoints>
              <BranchPoints />
              <MethodPoint xsi:type="SequencePoint" vc="0" uspid="228" ordinal="0" offset="0" sl="101" sc="13" el="101" ec="30" bec="0" bev="0" fileid="14" />
            </Method>
          </Methods>
        </Class>
        <Class>
          <Summary numSequencePoints="14" visitedSequencePoints="0" numBranchPoints="3" visitedBranchPoints="0" sequenceCoverage="0" branchCoverage="0" maxCyclomaticComplexity="2" minCyclomaticComplexity="1" />
          <FullName>Calculator.Program</FullName>
          <Methods>
            <Method visited="false" cyclomaticComplexity="2" sequenceCoverage="0" branchCoverage="0" isConstructor="false" isStatic="true" isGetter="false" isSetter="false">
              <Summary numSequencePoints="14" visitedSequencePoints="0" numBranchPoints="3" visitedBranchPoints="0" sequenceCoverage="0" branchCoverage="0" maxCyclomaticComplexity="2" minCyclomaticComplexity="2" />
              <MetadataToken>100663320</MetadataToken>
              <Name>System.Void Calculator.Program::Main(System.String[])</Name>
              <FileRef uid="16" />
              <SequencePoints>
                <SequencePoint vc="0" uspid="229" ordinal="0" offset="0" sl="19" sc="3" el="19" ec="4" bec="0" bev="0" fileid="16" />
                <SequencePoint vc="0" uspid="230" ordinal="1" offset="1" sl="20" sc="4" el="20" ec="37" bec="0" bev="0" fileid="16" />
                <SequencePoint vc="0" uspid="231" ordinal="2" offset="12" sl="21" sc="6" el="21" ec="7" bec="0" bev="0" fileid="16" />
                <SequencePoint vc="0" uspid="232" ordinal="3" offset="13" sl="23" sc="5" el="23" ec="39" bec="0" bev="0" fileid="16" />
                <SequencePoint vc="0" uspid="233" ordinal="4" offset="24" sl="24" sc="5" el="24" ec="40" bec="0" bev="0" fileid="16" />
                <SequencePoint vc="0" uspid="234" ordinal="5" offset="30" sl="25" sc="5" el="25" ec="47" bec="0" bev="0" fileid="16" />
                <SequencePoint vc="0" uspid="235" ordinal="6" offset="37" sl="26" sc="5" el="26" ec="58" bec="0" bev="0" fileid="16" />
                <SequencePoint vc="0" uspid="236" ordinal="7" offset="45" sl="27" sc="5" el="27" ec="56" bec="0" bev="0" fileid="16" />
                <SequencePoint vc="0" uspid="237" ordinal="8" offset="52" sl="28" sc="5" el="28" ec="49" bec="0" bev="0" fileid="16" />
                <SequencePoint vc="0" uspid="238" ordinal="9" offset="62" sl="29" sc="5" el="29" ec="48" bec="0" bev="0" fileid="16" />
                <SequencePoint vc="0" uspid="239" ordinal="10" offset="80" sl="30" sc="5" el="30" ec="33" bec="0" bev="0" fileid="16" />
                <SequencePoint vc="0" uspid="240" ordinal="11" offset="87" sl="31" sc="4" el="31" ec="5" bec="0" bev="0" fileid="16" />
                <SequencePoint vc="0" uspid="241" ordinal="12" offset="88" sl="31" sc="6" el="31" ec="33" bec="2" bev="0" fileid="16" />
                <SequencePoint vc="0" uspid="242" ordinal="13" offset="108" sl="32" sc="3" el="32" ec="4" bec="0" bev="0" fileid="16" />
              </SequencePoints>
              <BranchPoints>
                <BranchPoint vc="0" uspid="243" ordinal="0" offset="106" path="0" offsetchain="" offsetend="108" />
                <BranchPoint vc="0" uspid="244" ordinal="1" offset="106" path="1" offsetchain="" offsetend="12" />
              </BranchPoints>
              <MethodPoint xsi:type="SequencePoint" vc="0" uspid="229" ordinal="0" offset="0" sl="19" sc="3" el="19" ec="4" bec="0" bev="0" fileid="16" />
            </Method>
            <Method visited="false" cyclomaticComplexity="1" sequenceCoverage="0" branchCoverage="0" isConstructor="true" isStatic="false" isGetter="false" isSetter="false">
              <Summary numSequencePoints="0" visitedSequencePoints="0" numBranchPoints="0" visitedBranchPoints="0" sequenceCoverage="0" branchCoverage="0" maxCyclomaticComplexity="1" minCyclomaticComplexity="1" />
              <MetadataToken>100663321</MetadataToken>
              <Name>System.Void Calculator.Program::.ctor()</Name>
              <SequencePoints />
              <BranchPoints />
              <MethodPoint vc="0" uspid="245" ordinal="0" offset="0" />
            </Method>
          </Methods>
        </Class>
        <Class>
          <Summary numSequencePoints="24" visitedSequencePoints="21" numBranchPoints="7" visitedBranchPoints="6" sequenceCoverage="87.5" branchCoverage="85.71" maxCyclomaticComplexity="3" minCyclomaticComplexity="1" />
          <FullName>Calculator.RegularLineClass</FullName>
          <Methods>
            <Method visited="true" cyclomaticComplexity="1" sequenceCoverage="100" branchCoverage="100" isConstructor="true" isStatic="false" isGetter="false" isSetter="false">
              <Summary numSequencePoints="5" visitedSequencePoints="5" numBranchPoints="1" visitedBranchPoints="1" sequenceCoverage="100" branchCoverage="100" maxCyclomaticComplexity="1" minCyclomaticComplexity="1" />
              <MetadataToken>100663322</MetadataToken>
              <Name>System.Void Calculator.RegularLineClass::.ctor(System.String)</Name>
              <FileRef uid="17" />
              <SequencePoints>
                <SequencePoint vc="1" uspid="246" ordinal="0" offset="0" sl="21" sc="3" el="21" ec="46" bec="0" bev="0" fileid="17" />
                <SequencePoint vc="1" uspid="247" ordinal="1" offset="11" sl="24" sc="3" el="24" ec="48" bec="0" bev="0" fileid="17" />
                <SequencePoint vc="1" uspid="248" ordinal="2" offset="18" sl="25" sc="3" el="25" ec="4" bec="0" bev="0" fileid="17" />
                <SequencePoint vc="1" uspid="249" ordinal="3" offset="19" sl="26" sc="4" el="26" ec="40" bec="0" bev="0" fileid="17" />
                <SequencePoint vc="1" uspid="250" ordinal="4" offset="26" sl="27" sc="3" el="27" ec="4" bec="0" bev="0" fileid="17" />
              </SequencePoints>
              <BranchPoints />
              <MethodPoint xsi:type="SequencePoint" vc="1" uspid="246" ordinal="0" offset="0" sl="21" sc="3" el="21" ec="46" bec="0" bev="0" fileid="17" />
            </Method>
            <Method visited="true" cyclomaticComplexity="3" sequenceCoverage="78.57" branchCoverage="80" isConstructor="false" isStatic="false" isGetter="false" isSetter="false">
              <Summary numSequencePoints="14" visitedSequencePoints="11" numBranchPoints="5" visitedBranchPoints="4" sequenceCoverage="78.57" branchCoverage="80" maxCyclomaticComplexity="3" minCyclomaticComplexity="3" />
              <MetadataToken>100663323</MetadataToken>
              <Name>System.Void Calculator.RegularLineClass::Regularize()</Name>
              <FileRef uid="17" />
              <SequencePoints>
                <SequencePoint vc="1" uspid="251" ordinal="0" offset="0" sl="29" sc="21" el="29" ec="22" bec="0" bev="0" fileid="17" />
                <SequencePoint vc="1" uspid="252" ordinal="1" offset="1" sl="30" sc="4" el="30" ec="53" bec="0" bev="0" fileid="17" />
                <SequencePoint vc="1" uspid="253" ordinal="2" offset="22" sl="31" sc="4" el="31" ec="52" bec="0" bev="0" fileid="17" />
                <SequencePoint vc="1" uspid="254" ordinal="3" offset="49" sl="32" sc="4" el="32" ec="11" bec="0" bev="0" fileid="17" />
                <SequencePoint vc="1" uspid="255" ordinal="4" offset="50" sl="32" sc="23" el="32" ec="36" bec="0" bev="0" fileid="17" />
                <SequencePoint vc="8" uspid="256" ordinal="5" offset="61" sl="32" sc="13" el="32" ec="19" bec="0" bev="0" fileid="17" />
                <SequencePoint vc="8" uspid="257" ordinal="6" offset="69" sl="32" sc="38" el="32" ec="39" bec="0" bev="0" fileid="17" />
                <SequencePoint vc="8" uspid="258" ordinal="7" offset="70" sl="33" sc="5" el="33" ec="48" bec="2" bev="1" fileid="17" />
                <SequencePoint vc="0" uspid="259" ordinal="8" offset="92" sl="33" sc="49" el="33" ec="50" bec="0" bev="0" fileid="17" />
                <SequencePoint vc="0" uspid="260" ordinal="9" offset="93" sl="34" sc="6" el="34" ec="49" bec="0" bev="0" fileid="17" />
                <SequencePoint vc="0" uspid="261" ordinal="10" offset="117" sl="35" sc="5" el="35" ec="6" bec="0" bev="0" fileid="17" />
                <SequencePoint vc="8" uspid="262" ordinal="11" offset="118" sl="36" sc="4" el="36" ec="5" bec="0" bev="0" fileid="17" />
                <SequencePoint vc="9" uspid="263" ordinal="12" offset="123" sl="32" sc="20" el="32" ec="22" bec="2" bev="2" fileid="17" />
                <SequencePoint vc="1" uspid="264" ordinal="13" offset="136" sl="37" sc="3" el="37" ec="4" bec="0" bev="0" fileid="17" />
              </SequencePoints>
              <BranchPoints>
                <BranchPoint vc="0" uspid="265" ordinal="0" offset="90" path="0" offsetchain="" offsetend="92" />
                <BranchPoint vc="8" uspid="266" ordinal="1" offset="90" path="1" offsetchain="" offsetend="118" />
                <BranchPoint vc="1" uspid="267" ordinal="2" offset="134" path="0" offsetchain="" offsetend="136" />
                <BranchPoint vc="8" uspid="268" ordinal="3" offset="134" path="1" offsetchain="" offsetend="61" />
              </BranchPoints>
              <MethodPoint xsi:type="SequencePoint" vc="1" uspid="251" ordinal="0" offset="0" sl="29" sc="21" el="29" ec="22" bec="0" bev="0" fileid="17" />
            </Method>
            <Method visited="true" cyclomaticComplexity="1" sequenceCoverage="100" branchCoverage="100" isConstructor="false" isStatic="false" isGetter="false" isSetter="false">
              <Summary numSequencePoints="5" visitedSequencePoints="5" numBranchPoints="1" visitedBranchPoints="1" sequenceCoverage="100" branchCoverage="100" maxCyclomaticComplexity="1" minCyclomaticComplexity="1" />
              <MetadataToken>100663324</MetadataToken>
              <Name>System.String Calculator.RegularLineClass::GetRegString()</Name>
              <FileRef uid="17" />
              <SequencePoints>
                <SequencePoint vc="1" uspid="269" ordinal="0" offset="0" sl="39" sc="32" el="39" ec="33" bec="0" bev="0" fileid="17" />
                <SequencePoint vc="1" uspid="270" ordinal="1" offset="1" sl="40" sc="4" el="40" ec="18" bec="0" bev="0" fileid="17" />
                <SequencePoint vc="1" uspid="271" ordinal="2" offset="8" sl="41" sc="4" el="41" ec="27" bec="0" bev="0" fileid="17" />
                <SequencePoint vc="1" uspid="272" ordinal="3" offset="20" sl="42" sc="4" el="42" ec="19" bec="0" bev="0" fileid="17" />
                <SequencePoint vc="1" uspid="273" ordinal="4" offset="29" sl="43" sc="3" el="43" ec="4" bec="0" bev="0" fileid="17" />
              </SequencePoints>
              <BranchPoints />
              <MethodPoint xsi:type="SequencePoint" vc="1" uspid="269" ordinal="0" offset="0" sl="39" sc="32" el="39" ec="33" bec="0" bev="0" fileid="17" />
            </Method>
          </Methods>
        </Class>
      </Classes>
    </Module>
  </Modules>
</CoverageSession>